[17804:17828:0829/100530:ERROR:object_proxy.cc(627)] Failed to get name owner. Got org.freedesktop.DBus.Error.NameHasNoOwner: Could not get owner of name 'org.chromium.Mtpd': no such name
[17804:17828:0829/100530:ERROR:object_proxy.cc(627)] Failed to get name owner. Got org.freedesktop.DBus.Error.NameHasNoOwner: Could not get owner of name 'org.chromium.Mtpd': no such name
[17804:17804:0829/100530:ERROR:object_proxy.cc(532)] Failed to call method: org.chromium.Mtpd.EnumerateStorages: object_path= /org/chromium/Mtpd: org.freedesktop.DBus.Error.ServiceUnknown: The name org.chromium.Mtpd was not provided by any .service files
[12271:12271:0829/102152:ERROR:sandbox_linux.cc(131)] InitializeSandbox() called with multiple threads in process gpu-process

(exe:12277): Gdk-WARNING **: XID collision, trouble ahead
[17804:17804:0829/102403:ERROR:CONSOLE(5704)] "TypeError: Cannot read property 'id' of undefined
    at Object.ModelCtrl.$scope.select (chrome-extension://ighdmehidhipcmcojjgiloacoafjmpfk/js/controllers/ModelCtrl.js:7:36)
    at chrome-extension://ighdmehidhipcmcojjgiloacoafjmpfk/js/lib/angular.js:6315:19
    at chrome-extension://ighdmehidhipcmcojjgiloacoafjmpfk/js/lib/angular.js:12903:13
    at Object.Scope.$eval (chrome-extension://ighdmehidhipcmcojjgiloacoafjmpfk/js/lib/angular.js:8011:28)
    at Object.Scope.$apply (chrome-extension://ighdmehidhipcmcojjgiloacoafjmpfk/js/lib/angular.js:8091:23)
    at HTMLAnchorElement.<anonymous> (chrome-extension://ighdmehidhipcmcojjgiloacoafjmpfk/js/lib/angular.js:12902:17)
    at chrome-extension://ighdmehidhipcmcojjgiloacoafjmpfk/js/lib/angular.js:1972:10
    at Array.forEach (native)
    at forEach (chrome-extension://ighdmehidhipcmcojjgiloacoafjmpfk/js/lib/angular.js:131:11)
    at HTMLAnchorElement.eventHandler (chrome-extension://ighdmehidhipcmcojjgiloacoafjmpfk/js/lib/angular.js:1971:5)", source: chrome-extension://ighdmehidhipcmcojjgiloacoafjmpfk/js/lib/angular.js (5704)
[17804:17804:0829/102404:ERROR:CONSOLE(5704)] "TypeError: Cannot read property 'id' of undefined
    at Object.ModelCtrl.$scope.select (chrome-extension://ighdmehidhipcmcojjgiloacoafjmpfk/js/controllers/ModelCtrl.js:7:36)
    at chrome-extension://ighdmehidhipcmcojjgiloacoafjmpfk/js/lib/angular.js:6315:19
    at chrome-extension://ighdmehidhipcmcojjgiloacoafjmpfk/js/lib/angular.js:12903:13
    at Object.Scope.$eval (chrome-extension://ighdmehidhipcmcojjgiloacoafjmpfk/js/lib/angular.js:8011:28)
    at Object.Scope.$apply (chrome-extension://ighdmehidhipcmcojjgiloacoafjmpfk/js/lib/angular.js:8091:23)
    at HTMLAnchorElement.<anonymous> (chrome-extension://ighdmehidhipcmcojjgiloacoafjmpfk/js/lib/angular.js:12902:17)
    at chrome-extension://ighdmehidhipcmcojjgiloacoafjmpfk/js/lib/angular.js:1972:10
    at Array.forEach (native)
    at forEach (chrome-extension://ighdmehidhipcmcojjgiloacoafjmpfk/js/lib/angular.js:131:11)
    at HTMLAnchorElement.eventHandler (chrome-extension://ighdmehidhipcmcojjgiloacoafjmpfk/js/lib/angular.js:1971:5)", source: chrome-extension://ighdmehidhipcmcojjgiloacoafjmpfk/js/lib/angular.js (5704)
[17804:17804:0829/102409:ERROR:CONSOLE(5704)] "TypeError: Cannot read property 'id' of undefined
    at Object.ModelCtrl.$scope.select (chrome-extension://ighdmehidhipcmcojjgiloacoafjmpfk/js/controllers/ModelCtrl.js:7:36)
    at chrome-extension://ighdmehidhipcmcojjgiloacoafjmpfk/js/lib/angular.js:6315:19
    at chrome-extension://ighdmehidhipcmcojjgiloacoafjmpfk/js/lib/angular.js:12903:13
    at Object.Scope.$eval (chrome-extension://ighdmehidhipcmcojjgiloacoafjmpfk/js/lib/angular.js:8011:28)
    at Object.Scope.$apply (chrome-extension://ighdmehidhipcmcojjgiloacoafjmpfk/js/lib/angular.js:8091:23)
    at HTMLAnchorElement.<anonymous> (chrome-extension://ighdmehidhipcmcojjgiloacoafjmpfk/js/lib/angular.js:12902:17)
    at chrome-extension://ighdmehidhipcmcojjgiloacoafjmpfk/js/lib/angular.js:1972:10
    at Array.forEach (native)
    at forEach (chrome-extension://ighdmehidhipcmcojjgiloacoafjmpfk/js/lib/angular.js:131:11)
    at HTMLAnchorElement.eventHandler (chrome-extension://ighdmehidhipcmcojjgiloacoafjmpfk/js/lib/angular.js:1971:5)", source: chrome-extension://ighdmehidhipcmcojjgiloacoafjmpfk/js/lib/angular.js (5704)
[17804:17804:0829/102420:ERROR:CONSOLE(5704)] "TypeError: Cannot read property 'id' of undefined
    at Object.ModelCtrl.$scope.select (chrome-extension://ighdmehidhipcmcojjgiloacoafjmpfk/js/controllers/ModelCtrl.js:7:36)
    at chrome-extension://ighdmehidhipcmcojjgiloacoafjmpfk/js/lib/angular.js:6315:19
    at chrome-extension://ighdmehidhipcmcojjgiloacoafjmpfk/js/lib/angular.js:12903:13
    at Object.Scope.$eval (chrome-extension://ighdmehidhipcmcojjgiloacoafjmpfk/js/lib/angular.js:8011:28)
    at Object.Scope.$apply (chrome-extension://ighdmehidhipcmcojjgiloacoafjmpfk/js/lib/angular.js:8091:23)
    at HTMLAnchorElement.<anonymous> (chrome-extension://ighdmehidhipcmcojjgiloacoafjmpfk/js/lib/angular.js:12902:17)
    at chrome-extension://ighdmehidhipcmcojjgiloacoafjmpfk/js/lib/angular.js:1972:10
    at Array.forEach (native)
    at forEach (chrome-extension://ighdmehidhipcmcojjgiloacoafjmpfk/js/lib/angular.js:131:11)
    at HTMLAnchorElement.eventHandler (chrome-extension://ighdmehidhipcmcojjgiloacoafjmpfk/js/lib/angular.js:1971:5)", source: chrome-extension://ighdmehidhipcmcojjgiloacoafjmpfk/js/lib/angular.js (5704)
[17804:17804:0829/102421:ERROR:CONSOLE(5704)] "TypeError: Cannot read property 'id' of undefined
    at Object.ModelCtrl.$scope.inspect (chrome-extension://ighdmehidhipcmcojjgiloacoafjmpfk/js/controllers/ModelCtrl.js:4:32)
    at chrome-extension://ighdmehidhipcmcojjgiloacoafjmpfk/js/lib/angular.js:6315:19
    at chrome-extension://ighdmehidhipcmcojjgiloacoafjmpfk/js/lib/angular.js:12903:13
    at Object.Scope.$eval (chrome-extension://ighdmehidhipcmcojjgiloacoafjmpfk/js/lib/angular.js:8011:28)
    at Object.Scope.$apply (chrome-extension://ighdmehidhipcmcojjgiloacoafjmpfk/js/lib/angular.js:8091:23)
    at HTMLAnchorElement.<anonymous> (chrome-extension://ighdmehidhipcmcojjgiloacoafjmpfk/js/lib/angular.js:12902:17)
    at chrome-extension://ighdmehidhipcmcojjgiloacoafjmpfk/js/lib/angular.js:1972:10
    at Array.forEach (native)
    at forEach (chrome-extension://ighdmehidhipcmcojjgiloacoafjmpfk/js/lib/angular.js:131:11)
    at HTMLAnchorElement.eventHandler (chrome-extension://ighdmehidhipcmcojjgiloacoafjmpfk/js/lib/angular.js:1971:5)", source: chrome-extension://ighdmehidhipcmcojjgiloacoafjmpfk/js/lib/angular.js (5704)
[20033:20057:0829/111528:ERROR:object_proxy.cc(627)] Failed to get name owner. Got org.freedesktop.DBus.Error.NameHasNoOwner: Could not get owner of name 'org.chromium.Mtpd': no such name
[20033:20057:0829/111528:ERROR:object_proxy.cc(627)] Failed to get name owner. Got org.freedesktop.DBus.Error.NameHasNoOwner: Could not get owner of name 'org.chromium.Mtpd': no such name
[20033:20033:0829/111528:ERROR:object_proxy.cc(532)] Failed to call method: org.chromium.Mtpd.EnumerateStorages: object_path= /org/chromium/Mtpd: org.freedesktop.DBus.Error.ServiceUnknown: The name org.chromium.Mtpd was not provided by any .service files
